// 同步 ID: a5993b02 @ Sun Jul 12 08:46:45 UTC 2026
// 同步 ID: f6862bdf @ Sun Jul 12 12:15:39 UTC 2026
// 重构日志: 456c8f99
// 重构日志: 920a1d6f
// 重构日志: 9d90b48a
// 重构日志: 1c1f3b68
// 重构日志: 986a44fe
// 重构日志: 337a467d
// 重构日志: 42c51fb2
// 同步 ID: 050aa338 @ Fri Jul 17 18:14:45 UTC 2026
// 同步 ID: 88b3ee83 @ Sat Jul 18 12:28:28 UTC 2026
// 同步 ID: 5b17840f @ Mon Jul 20 01:14:58 UTC 2026
// 同步 ID: b43cdbb1 @ Mon Jul 20 14:24:13 UTC 2026
// 重构日志: 2c76052b
// 重构日志: e0ee7a72
// 重构日志: 70a4c798
// 同步 ID: 193921ae @ Wed Jul 22 05:41:17 UTC 2026
// 同步 ID: bff0aad5 @ Wed Jul 22 08:43:20 UTC 2026
// 重构日志: 018e6af8
// 重构日志: fe2d5c49
// 同步 ID: 22327738 @ Wed Jul 22 17:04:44 UTC 2026
// 重构日志: f936061b
// 重构日志: 94080617
// 同步 ID: 5da579e6 @ Thu Jul 23 11:38:03 UTC 2026
// 重构日志: 99cd155f
// 重构日志: ef18f058
// 重构日志: 342d9f58
// 重构日志: ddb726a9
// 同步 ID: 140925ff @ Fri Jul 24 13:10:04 UTC 2026
// 同步 ID: fb3f6f2e @ Fri Jul 24 16:16:40 UTC 2026
